2025-12-25 03:35:33,906 INFO o.a.j.u.JMeterUtils: Setting Locale to en_EN
2025-12-25 03:35:33,947 INFO o.a.j.JMeter: Loading user properties from: /opt/jmeter/bin/user.properties
2025-12-25 03:35:33,949 INFO o.a.j.JMeter: Loading system properties from: /opt/jmeter/bin/system.properties
2025-12-25 03:35:33,962 INFO o.a.j.JMeter: Copyright (c) 1998-2024 The Apache Software Foundation
2025-12-25 03:35:33,963 INFO o.a.j.JMeter: Version 5.6.3
2025-12-25 03:35:33,964 INFO o.a.j.JMeter: java.version=17.0.17
2025-12-25 03:35:33,965 INFO o.a.j.JMeter: java.vm.name=OpenJDK 64-Bit Server VM
2025-12-25 03:35:33,965 INFO o.a.j.JMeter: os.name=Linux
2025-12-25 03:35:33,966 INFO o.a.j.JMeter: os.arch=amd64
2025-12-25 03:35:33,966 INFO o.a.j.JMeter: os.version=5.15.167.4-microsoft-standard-WSL2
2025-12-25 03:35:33,967 INFO o.a.j.JMeter: file.encoding=UTF-8
2025-12-25 03:35:33,967 INFO o.a.j.JMeter: java.awt.headless=true
2025-12-25 03:35:33,968 INFO o.a.j.JMeter: Max memory     =1073741824
2025-12-25 03:35:33,968 INFO o.a.j.JMeter: Available Processors =16
2025-12-25 03:35:33,988 INFO o.a.j.JMeter: Default Locale=English (EN)
2025-12-25 03:35:33,989 INFO o.a.j.JMeter: JMeter  Locale=English (EN)
2025-12-25 03:35:33,989 INFO o.a.j.JMeter: JMeterHome=/opt/jmeter
2025-12-25 03:35:33,990 INFO o.a.j.JMeter: user.dir  =/mnt/c/Users/user/Desktop/DemoProjects/Testovoe
2025-12-25 03:35:33,990 INFO o.a.j.JMeter: PWD       =/mnt/c/Users/user/Desktop/DemoProjects/Testovoe
2025-12-25 03:35:33,991 INFO o.a.j.JMeter: IP: 127.0.1.1 Name: WIN-RKQ87DP3TF7 FullName: WIN-RKQ87DP3TF7.
2025-12-25 03:35:34,030 INFO o.a.j.JMeter: Setting property 'jmeter.reportgenerator.outputdir' to:'/mnt/c/Users/user/Desktop/DemoProjects/Testovoe/report'
2025-12-25 03:35:34,041 INFO o.a.j.s.FileServer: Default base='/mnt/c/Users/user/Desktop/DemoProjects/Testovoe'
2025-12-25 03:35:34,045 INFO o.a.j.s.FileServer: Set new base='/mnt/c/Users/user/Desktop/DemoProjects/Testovoe'
2025-12-25 03:35:34,383 INFO o.a.j.s.SaveService: Testplan (JMX) version: 2.2. Testlog (JTL) version: 2.2
2025-12-25 03:35:34,441 INFO o.a.j.s.SaveService: Using SaveService properties version 5.0
2025-12-25 03:35:34,446 INFO o.a.j.s.SaveService: Using SaveService properties file encoding UTF-8
2025-12-25 03:35:34,453 INFO o.a.j.s.SaveService: Loading file: load-test.jmx
2025-12-25 03:35:34,582 INFO o.a.j.p.h.s.HTTPSamplerBase: Parser for text/html is org.apache.jmeter.protocol.http.parser.LagartoBasedHtmlParser
2025-12-25 03:35:34,582 INFO o.a.j.p.h.s.HTTPSamplerBase: Parser for application/xhtml+xml is org.apache.jmeter.protocol.http.parser.LagartoBasedHtmlParser
2025-12-25 03:35:34,583 INFO o.a.j.p.h.s.HTTPSamplerBase: Parser for application/xml is org.apache.jmeter.protocol.http.parser.LagartoBasedHtmlParser
2025-12-25 03:35:34,584 INFO o.a.j.p.h.s.HTTPSamplerBase: Parser for text/xml is org.apache.jmeter.protocol.http.parser.LagartoBasedHtmlParser
2025-12-25 03:35:34,584 INFO o.a.j.p.h.s.HTTPSamplerBase: Parser for text/vnd.wap.wml is org.apache.jmeter.protocol.http.parser.RegexpHTMLParser
2025-12-25 03:35:34,585 INFO o.a.j.p.h.s.HTTPSamplerBase: Parser for text/css is org.apache.jmeter.protocol.http.parser.CssParser
2025-12-25 03:35:34,658 INFO o.a.j.JMeter: Creating summariser <summary>
2025-12-25 03:35:34,667 INFO o.a.j.r.d.ReportGenerator: ReportGenerator will use for Parsing the separator: ','
2025-12-25 03:35:34,668 INFO o.a.j.r.d.ReportGenerator: Will generate report at end of test from  results file: results.jtl
2025-12-25 03:35:34,669 INFO o.a.j.r.d.ReportGenerator: Reading report generator properties from: /opt/jmeter/bin/reportgenerator.properties
2025-12-25 03:35:34,670 INFO o.a.j.r.d.ReportGenerator: Merging with JMeter properties
2025-12-25 03:35:34,678 INFO o.a.j.r.c.ReportGeneratorConfiguration: Property 'jmeter.reportgenerator.temp_dir' not found, using default value 'temp' instead.
2025-12-25 03:35:34,682 INFO o.a.j.r.c.ReportGeneratorConfiguration: Property 'jmeter.reportgenerator.apdex_per_transaction' not found, using default value 'null' instead.
2025-12-25 03:35:34,684 INFO o.a.j.r.c.ReportGeneratorConfiguration: apdex_per_transaction is empty, not APDEX per transaction customization
2025-12-25 03:35:34,684 INFO o.a.j.r.c.ReportGeneratorConfiguration: Property 'jmeter.reportgenerator.sample_filter' not found, using default value 'null' instead.
2025-12-25 03:35:34,685 INFO o.a.j.r.c.ReportGeneratorConfiguration: Property 'jmeter.reportgenerator.report_title' not found, using default value 'null' instead.
2025-12-25 03:35:34,685 INFO o.a.j.r.c.ReportGeneratorConfiguration: Property 'jmeter.reportgenerator.start_date' not found, using default value 'null' instead.
2025-12-25 03:35:34,686 INFO o.a.j.r.c.ReportGeneratorConfiguration: Property 'jmeter.reportgenerator.end_date' not found, using default value 'null' instead.
2025-12-25 03:35:34,686 INFO o.a.j.r.c.ReportGeneratorConfiguration: Property 'jmeter.reportgenerator.date_format' not found, using default value 'null' instead.
2025-12-25 03:35:34,688 INFO o.a.j.r.c.ReportGeneratorConfiguration: Will use date range start date: null, end date: null
2025-12-25 03:35:34,698 INFO o.a.j.r.c.ReportGeneratorConfiguration: Property 'jmeter.reportgenerator.graph.totalTPS.exclude_controllers' not found, using default value 'false' instead.
2025-12-25 03:35:34,699 INFO o.a.j.r.c.ReportGeneratorConfiguration: Property 'jmeter.reportgenerator.graph.activeThreadsOverTime.exclude_controllers' not found, using default value 'false' instead.
2025-12-25 03:35:34,700 INFO o.a.j.r.c.ReportGeneratorConfiguration: Property 'jmeter.reportgenerator.graph.timeVsThreads.exclude_controllers' not found, using default value 'false' instead.
2025-12-25 03:35:34,701 INFO o.a.j.r.c.ReportGeneratorConfiguration: Property 'jmeter.reportgenerator.graph.responseTimeDistribution.exclude_controllers' not found, using default value 'false' instead.
2025-12-25 03:35:34,702 INFO o.a.j.r.c.ReportGeneratorConfiguration: Property 'jmeter.reportgenerator.graph.transactionsPerSecond.exclude_controllers' not found, using default value 'false' instead.
2025-12-25 03:35:34,702 INFO o.a.j.r.c.ReportGeneratorConfiguration: Property 'jmeter.reportgenerator.graph.responseTimePercentiles.exclude_controllers' not found, using default value 'false' instead.
2025-12-25 03:35:34,703 INFO o.a.j.r.c.ReportGeneratorConfiguration: Property 'jmeter.reportgenerator.graph.responseTimePercentilesOverTime.exclude_controllers' not found, using default value 'false' instead.
2025-12-25 03:35:34,703 INFO o.a.j.r.c.ReportGeneratorConfiguration: Property 'jmeter.reportgenerator.graph.responseTimesOverTime.exclude_controllers' not found, using default value 'false' instead.
2025-12-25 03:35:34,704 INFO o.a.j.r.c.ReportGeneratorConfiguration: Property 'jmeter.reportgenerator.graph.connectTimeOverTime.exclude_controllers' not found, using default value 'false' instead.
2025-12-25 03:35:34,705 INFO o.a.j.r.c.ReportGeneratorConfiguration: Property 'jmeter.reportgenerator.graph.latenciesOverTime.exclude_controllers' not found, using default value 'false' instead.
2025-12-25 03:35:34,707 INFO o.a.j.r.c.ReportGeneratorConfiguration: Property 'jmeter.reportgenerator.exporter.json.filters_only_sample_series' not found, using default value 'true' instead.
2025-12-25 03:35:34,707 INFO o.a.j.r.c.ReportGeneratorConfiguration: Property 'jmeter.reportgenerator.exporter.json.series_filter' not found, using default value '' instead.
2025-12-25 03:35:34,708 INFO o.a.j.r.c.ReportGeneratorConfiguration: Property 'jmeter.reportgenerator.exporter.json.show_controllers_only' not found, using default value 'false' instead.
2025-12-25 03:35:34,708 INFO o.a.j.r.c.ReportGeneratorConfiguration: Property 'jmeter.reportgenerator.exporter.html.filters_only_sample_series' not found, using default value 'true' instead.
2025-12-25 03:35:34,709 INFO o.a.j.r.c.ReportGeneratorConfiguration: Property 'jmeter.reportgenerator.exporter.html.series_filter' not found, using default value '' instead.
2025-12-25 03:35:34,710 INFO o.a.j.r.c.ReportGeneratorConfiguration: Property 'jmeter.reportgenerator.exporter.html.show_controllers_only' not found, using default value 'false' instead.
2025-12-25 03:35:34,734 INFO o.a.j.e.StandardJMeterEngine: Running the test!
2025-12-25 03:35:34,735 INFO o.a.j.s.SampleEvent: List of sample_variables: []
2025-12-25 03:35:34,736 INFO o.a.j.s.SampleEvent: List of sample_variables: []
2025-12-25 03:35:34,743 INFO o.a.j.e.u.CompoundVariable: Note: Function class names must contain the string: '.functions.'
2025-12-25 03:35:34,744 INFO o.a.j.e.u.CompoundVariable: Note: Function class names must not contain the string: '.gui.'
2025-12-25 03:35:34,877 INFO o.a.j.JMeter: Running test (1766622934877)
2025-12-25 03:35:34,914 INFO o.a.j.e.StandardJMeterEngine: Starting ThreadGroup: 1 : 01. Initial Deposit
2025-12-25 03:35:34,915 INFO o.a.j.e.StandardJMeterEngine: Starting 1 threads for group 01. Initial Deposit.
2025-12-25 03:35:34,915 INFO o.a.j.e.StandardJMeterEngine: Thread will stop on error
2025-12-25 03:35:34,916 INFO o.a.j.t.ThreadGroup: Starting thread group... number=1 threads=1 ramp-up=1 delayedStart=false
2025-12-25 03:35:34,923 INFO o.a.j.t.ThreadGroup: Started thread group number 1
2025-12-25 03:35:34,924 INFO o.a.j.e.StandardJMeterEngine: Starting ThreadGroup: 2 : 02. Concurrent Operations (15 threads)
2025-12-25 03:35:34,925 INFO o.a.j.e.StandardJMeterEngine: Starting 50 threads for group 02. Concurrent Operations (15 threads).
2025-12-25 03:35:34,925 INFO o.a.j.e.StandardJMeterEngine: Thread will continue on error
2025-12-25 03:35:34,925 INFO o.a.j.t.JMeterThread: Thread started: 01. Initial Deposit 1-1
2025-12-25 03:35:34,926 INFO o.a.j.t.ThreadGroup: Starting thread group... number=2 threads=50 ramp-up=5 delayedStart=false
2025-12-25 03:35:34,929 INFO o.a.j.t.JMeterThread: Thread started: 02. Concurrent Operations (15 threads) 2-1
2025-12-25 03:35:34,977 INFO o.a.j.p.h.s.HTTPHCAbstractImpl: Local host = WIN-RKQ87DP3TF7
2025-12-25 03:35:34,978 INFO o.a.j.t.ThreadGroup: Started thread group number 2
2025-12-25 03:35:34,979 INFO o.a.j.e.StandardJMeterEngine: All thread groups have been started
2025-12-25 03:35:34,990 INFO o.a.j.p.h.s.HTTPHC4Impl: HTTP request retry count = 0
2025-12-25 03:35:34,993 INFO o.a.j.s.SampleResult: Note: Sample TimeStamps are START times
2025-12-25 03:35:34,994 INFO o.a.j.s.SampleResult: sampleresult.default.encoding is set to UTF-8
2025-12-25 03:35:34,995 INFO o.a.j.s.SampleResult: sampleresult.useNanoTime=true
2025-12-25 03:35:34,996 INFO o.a.j.s.SampleResult: sampleresult.nanoThreadSleep=5000
2025-12-25 03:35:35,030 INFO o.a.j.t.JMeterThread: Thread started: 02. Concurrent Operations (15 threads) 2-2
2025-12-25 03:35:35,128 INFO o.a.j.t.JMeterThread: Thread started: 02. Concurrent Operations (15 threads) 2-3
2025-12-25 03:35:35,229 INFO o.a.j.t.JMeterThread: Thread started: 02. Concurrent Operations (15 threads) 2-4
2025-12-25 03:35:35,330 INFO o.a.j.t.JMeterThread: Thread started: 02. Concurrent Operations (15 threads) 2-5
2025-12-25 03:35:35,430 INFO o.a.j.t.JMeterThread: Thread started: 02. Concurrent Operations (15 threads) 2-6
2025-12-25 03:35:35,528 INFO o.a.j.t.JMeterThread: Thread started: 02. Concurrent Operations (15 threads) 2-7
2025-12-25 03:35:35,628 INFO o.a.j.t.JMeterThread: Thread started: 02. Concurrent Operations (15 threads) 2-8
2025-12-25 03:35:35,735 INFO o.a.j.t.JMeterThread: Thread started: 02. Concurrent Operations (15 threads) 2-9
2025-12-25 03:35:35,831 INFO o.a.j.t.JMeterThread: Thread started: 02. Concurrent Operations (15 threads) 2-10
2025-12-25 03:35:35,931 INFO o.a.j.t.JMeterThread: Thread started: 02. Concurrent Operations (15 threads) 2-11
2025-12-25 03:35:35,988 INFO o.a.j.r.Summariser: summary +      1 in 00:00:01 =    0.9/s Avg:   841 Min:   841 Max:   841 Err:     0 (0.00%) Active: 12 Started: 12 Finished: 0
2025-12-25 03:35:36,027 INFO o.a.j.t.JMeterThread: Thread started: 02. Concurrent Operations (15 threads) 2-12
2025-12-25 03:35:36,127 INFO o.a.j.t.JMeterThread: Thread started: 02. Concurrent Operations (15 threads) 2-13
2025-12-25 03:35:36,228 INFO o.a.j.t.JMeterThread: Thread started: 02. Concurrent Operations (15 threads) 2-14
2025-12-25 03:35:36,328 INFO o.a.j.t.JMeterThread: Thread started: 02. Concurrent Operations (15 threads) 2-15
2025-12-25 03:35:36,431 INFO o.a.j.t.JMeterThread: Thread started: 02. Concurrent Operations (15 threads) 2-16
2025-12-25 03:35:36,528 INFO o.a.j.t.JMeterThread: Thread started: 02. Concurrent Operations (15 threads) 2-17
2025-12-25 03:35:36,628 INFO o.a.j.t.JMeterThread: Thread started: 02. Concurrent Operations (15 threads) 2-18
2025-12-25 03:35:36,736 INFO o.a.j.t.JMeterThread: Thread started: 02. Concurrent Operations (15 threads) 2-19
2025-12-25 03:35:36,828 INFO o.a.j.t.JMeterThread: Thread started: 02. Concurrent Operations (15 threads) 2-20
2025-12-25 03:35:36,928 INFO o.a.j.t.JMeterThread: Thread started: 02. Concurrent Operations (15 threads) 2-21
2025-12-25 03:35:36,941 INFO o.a.j.t.JMeterThread: Thread is done: 01. Initial Deposit 1-1
2025-12-25 03:35:36,942 INFO o.a.j.t.JMeterThread: Thread finished: 01. Initial Deposit 1-1
2025-12-25 03:35:37,028 INFO o.a.j.t.JMeterThread: Thread started: 02. Concurrent Operations (15 threads) 2-22
2025-12-25 03:35:37,130 INFO o.a.j.t.JMeterThread: Thread started: 02. Concurrent Operations (15 threads) 2-23
2025-12-25 03:35:37,229 INFO o.a.j.t.JMeterThread: Thread started: 02. Concurrent Operations (15 threads) 2-24
2025-12-25 03:35:37,329 INFO o.a.j.t.JMeterThread: Thread started: 02. Concurrent Operations (15 threads) 2-25
2025-12-25 03:35:37,428 INFO o.a.j.t.JMeterThread: Thread started: 02. Concurrent Operations (15 threads) 2-26
2025-12-25 03:35:37,528 INFO o.a.j.t.JMeterThread: Thread started: 02. Concurrent Operations (15 threads) 2-27
2025-12-25 03:35:37,628 INFO o.a.j.t.JMeterThread: Thread started: 02. Concurrent Operations (15 threads) 2-28
2025-12-25 03:35:37,727 INFO o.a.j.t.JMeterThread: Thread started: 02. Concurrent Operations (15 threads) 2-29
2025-12-25 03:35:37,828 INFO o.a.j.t.JMeterThread: Thread started: 02. Concurrent Operations (15 threads) 2-30
2025-12-25 03:35:37,928 INFO o.a.j.t.JMeterThread: Thread started: 02. Concurrent Operations (15 threads) 2-31
2025-12-25 03:35:38,028 INFO o.a.j.t.JMeterThread: Thread started: 02. Concurrent Operations (15 threads) 2-32
2025-12-25 03:35:38,128 INFO o.a.j.t.JMeterThread: Thread started: 02. Concurrent Operations (15 threads) 2-33
2025-12-25 03:35:38,228 INFO o.a.j.t.JMeterThread: Thread started: 02. Concurrent Operations (15 threads) 2-34
2025-12-25 03:35:38,329 INFO o.a.j.t.JMeterThread: Thread started: 02. Concurrent Operations (15 threads) 2-35
2025-12-25 03:35:38,429 INFO o.a.j.t.JMeterThread: Thread started: 02. Concurrent Operations (15 threads) 2-36
2025-12-25 03:35:38,528 INFO o.a.j.t.JMeterThread: Thread started: 02. Concurrent Operations (15 threads) 2-37
2025-12-25 03:35:38,628 INFO o.a.j.t.JMeterThread: Thread started: 02. Concurrent Operations (15 threads) 2-38
2025-12-25 03:35:38,728 INFO o.a.j.t.JMeterThread: Thread started: 02. Concurrent Operations (15 threads) 2-39
2025-12-25 03:35:38,828 INFO o.a.j.t.JMeterThread: Thread started: 02. Concurrent Operations (15 threads) 2-40
2025-12-25 03:35:38,927 INFO o.a.j.t.JMeterThread: Thread started: 02. Concurrent Operations (15 threads) 2-41
2025-12-25 03:35:39,028 INFO o.a.j.t.JMeterThread: Thread started: 02. Concurrent Operations (15 threads) 2-42
2025-12-25 03:35:39,128 INFO o.a.j.t.JMeterThread: Thread started: 02. Concurrent Operations (15 threads) 2-43
2025-12-25 03:35:39,228 INFO o.a.j.t.JMeterThread: Thread started: 02. Concurrent Operations (15 threads) 2-44
2025-12-25 03:35:39,328 INFO o.a.j.t.JMeterThread: Thread started: 02. Concurrent Operations (15 threads) 2-45
2025-12-25 03:35:39,427 INFO o.a.j.t.JMeterThread: Thread started: 02. Concurrent Operations (15 threads) 2-46
2025-12-25 03:35:39,528 INFO o.a.j.t.JMeterThread: Thread started: 02. Concurrent Operations (15 threads) 2-47
2025-12-25 03:35:39,628 INFO o.a.j.t.JMeterThread: Thread started: 02. Concurrent Operations (15 threads) 2-48
2025-12-25 03:35:39,728 INFO o.a.j.t.JMeterThread: Thread started: 02. Concurrent Operations (15 threads) 2-49
2025-12-25 03:35:39,827 INFO o.a.j.t.JMeterThread: Thread started: 02. Concurrent Operations (15 threads) 2-50
2025-12-25 03:35:54,921 INFO o.a.j.t.JMeterThread: Thread finished: 02. Concurrent Operations (15 threads) 2-3
2025-12-25 03:35:54,921 INFO o.a.j.t.JMeterThread: Thread finished: 02. Concurrent Operations (15 threads) 2-2
2025-12-25 03:35:54,951 INFO o.a.j.t.JMeterThread: Thread finished: 02. Concurrent Operations (15 threads) 2-25
2025-12-25 03:35:54,951 INFO o.a.j.t.JMeterThread: Stopping because end time detected by thread: 02. Concurrent Operations (15 threads) 2-1
2025-12-25 03:35:54,952 INFO o.a.j.t.JMeterThread: Thread finished: 02. Concurrent Operations (15 threads) 2-1
2025-12-25 03:35:54,952 INFO o.a.j.t.JMeterThread: Stopping because end time detected by thread: 02. Concurrent Operations (15 threads) 2-15
2025-12-25 03:35:54,952 INFO o.a.j.t.JMeterThread: Stopping because end time detected by thread: 02. Concurrent Operations (15 threads) 2-11
2025-12-25 03:35:54,953 INFO o.a.j.t.JMeterThread: Stopping because end time detected by thread: 02. Concurrent Operations (15 threads) 2-18
2025-12-25 03:35:54,952 INFO o.a.j.t.JMeterThread: Stopping because end time detected by thread: 02. Concurrent Operations (15 threads) 2-16
2025-12-25 03:35:54,954 INFO o.a.j.t.JMeterThread: Thread finished: 02. Concurrent Operations (15 threads) 2-18
2025-12-25 03:35:54,955 INFO o.a.j.t.JMeterThread: Stopping because end time detected by thread: 02. Concurrent Operations (15 threads) 2-13
2025-12-25 03:35:54,953 INFO o.a.j.t.JMeterThread: Stopping because end time detected by thread: 02. Concurrent Operations (15 threads) 2-17
2025-12-25 03:35:54,953 INFO o.a.j.t.JMeterThread: Thread finished: 02. Concurrent Operations (15 threads) 2-11
2025-12-25 03:35:54,953 INFO o.a.j.t.JMeterThread: Thread finished: 02. Concurrent Operations (15 threads) 2-24
2025-12-25 03:35:54,953 INFO o.a.j.t.JMeterThread: Stopping because end time detected by thread: 02. Concurrent Operations (15 threads) 2-20
2025-12-25 03:35:54,953 INFO o.a.j.t.JMeterThread: Thread finished: 02. Concurrent Operations (15 threads) 2-15
2025-12-25 03:35:54,956 INFO o.a.j.t.JMeterThread: Thread finished: 02. Concurrent Operations (15 threads) 2-17
2025-12-25 03:35:54,955 INFO o.a.j.t.JMeterThread: Thread finished: 02. Concurrent Operations (15 threads) 2-13
2025-12-25 03:35:54,955 INFO o.a.j.t.JMeterThread: Stopping because end time detected by thread: 02. Concurrent Operations (15 threads) 2-9
2025-12-25 03:35:54,959 INFO o.a.j.t.JMeterThread: Stopping because end time detected by thread: 02. Concurrent Operations (15 threads) 2-4
2025-12-25 03:35:54,959 INFO o.a.j.t.JMeterThread: Stopping because end time detected by thread: 02. Concurrent Operations (15 threads) 2-19
2025-12-25 03:35:54,955 INFO o.a.j.t.JMeterThread: Stopping because end time detected by thread: 02. Concurrent Operations (15 threads) 2-22
2025-12-25 03:35:54,955 INFO o.a.j.t.JMeterThread: Thread finished: 02. Concurrent Operations (15 threads) 2-26
2025-12-25 03:35:54,961 INFO o.a.j.t.JMeterThread: Stopping because end time detected by thread: 02. Concurrent Operations (15 threads) 2-6
2025-12-25 03:35:54,955 INFO o.a.j.t.JMeterThread: Stopping because end time detected by thread: 02. Concurrent Operations (15 threads) 2-23
2025-12-25 03:35:54,954 INFO o.a.j.t.JMeterThread: Thread finished: 02. Concurrent Operations (15 threads) 2-32
2025-12-25 03:35:54,954 INFO o.a.j.t.JMeterThread: Thread finished: 02. Concurrent Operations (15 threads) 2-30
2025-12-25 03:35:54,954 INFO o.a.j.t.JMeterThread: Thread finished: 02. Concurrent Operations (15 threads) 2-27
2025-12-25 03:35:54,954 INFO o.a.j.t.JMeterThread: Stopping because end time detected by thread: 02. Concurrent Operations (15 threads) 2-14
2025-12-25 03:35:54,954 INFO o.a.j.t.JMeterThread: Stopping because end time detected by thread: 02. Concurrent Operations (15 threads) 2-7
2025-12-25 03:35:54,964 INFO o.a.j.t.JMeterThread: Thread finished: 02. Concurrent Operations (15 threads) 2-16
2025-12-25 03:35:54,964 INFO o.a.j.t.JMeterThread: Thread finished: 02. Concurrent Operations (15 threads) 2-42
2025-12-25 03:35:54,964 INFO o.a.j.t.JMeterThread: Thread finished: 02. Concurrent Operations (15 threads) 2-43
2025-12-25 03:35:54,964 INFO o.a.j.t.JMeterThread: Thread finished: 02. Concurrent Operations (15 threads) 2-14
2025-12-25 03:35:54,963 INFO o.a.j.t.JMeterThread: Thread finished: 02. Concurrent Operations (15 threads) 2-38
2025-12-25 03:35:54,963 INFO o.a.j.t.JMeterThread: Thread finished: 02. Concurrent Operations (15 threads) 2-37
2025-12-25 03:35:54,963 INFO o.a.j.t.JMeterThread: Thread finished: 02. Concurrent Operations (15 threads) 2-33
2025-12-25 03:35:54,962 INFO o.a.j.t.JMeterThread: Thread finished: 02. Concurrent Operations (15 threads) 2-23
2025-12-25 03:35:54,962 INFO o.a.j.t.JMeterThread: Thread finished: 02. Concurrent Operations (15 threads) 2-6
2025-12-25 03:35:54,961 INFO o.a.j.t.JMeterThread: Thread finished: 02. Concurrent Operations (15 threads) 2-34
2025-12-25 03:35:54,961 INFO o.a.j.t.JMeterThread: Thread finished: 02. Concurrent Operations (15 threads) 2-31
2025-12-25 03:35:54,960 INFO o.a.j.t.JMeterThread: Thread finished: 02. Concurrent Operations (15 threads) 2-22
2025-12-25 03:35:54,960 INFO o.a.j.t.JMeterThread: Stopping because end time detected by thread: 02. Concurrent Operations (15 threads) 2-5
2025-12-25 03:35:54,960 INFO o.a.j.t.JMeterThread: Stopping because end time detected by thread: 02. Concurrent Operations (15 threads) 2-8
2025-12-25 03:35:54,960 INFO o.a.j.t.JMeterThread: Thread finished: 02. Concurrent Operations (15 threads) 2-19
2025-12-25 03:35:54,959 INFO o.a.j.t.JMeterThread: Thread finished: 02. Concurrent Operations (15 threads) 2-4
2025-12-25 03:35:54,971 INFO o.a.j.t.JMeterThread: Stopping because end time detected by thread: 02. Concurrent Operations (15 threads) 2-40
2025-12-25 03:35:54,959 INFO o.a.j.t.JMeterThread: Stopping because end time detected by thread: 02. Concurrent Operations (15 threads) 2-21
2025-12-25 03:35:54,959 INFO o.a.j.t.JMeterThread: Thread finished: 02. Concurrent Operations (15 threads) 2-9
2025-12-25 03:35:54,959 INFO o.a.j.t.JMeterThread: Stopping because end time detected by thread: 02. Concurrent Operations (15 threads) 2-12
2025-12-25 03:35:54,959 INFO o.a.j.t.JMeterThread: Stopping because end time detected by thread: 02. Concurrent Operations (15 threads) 2-10
2025-12-25 03:35:54,958 INFO o.a.j.t.JMeterThread: Thread finished: 02. Concurrent Operations (15 threads) 2-29
2025-12-25 03:35:54,958 INFO o.a.j.t.JMeterThread: Thread finished: 02. Concurrent Operations (15 threads) 2-28
2025-12-25 03:35:54,957 INFO o.a.j.t.JMeterThread: Thread finished: 02. Concurrent Operations (15 threads) 2-20
2025-12-25 03:35:54,974 INFO o.a.j.t.JMeterThread: Thread finished: 02. Concurrent Operations (15 threads) 2-10
2025-12-25 03:35:54,973 INFO o.a.j.t.JMeterThread: Thread finished: 02. Concurrent Operations (15 threads) 2-12
2025-12-25 03:35:54,972 INFO o.a.j.t.JMeterThread: Thread finished: 02. Concurrent Operations (15 threads) 2-21
2025-12-25 03:35:54,977 INFO o.a.j.t.JMeterThread: Stopping because end time detected by thread: 02. Concurrent Operations (15 threads) 2-49
2025-12-25 03:35:54,977 INFO o.a.j.t.JMeterThread: Stopping because end time detected by thread: 02. Concurrent Operations (15 threads) 2-48
2025-12-25 03:35:54,972 INFO o.a.j.t.JMeterThread: Thread finished: 02. Concurrent Operations (15 threads) 2-40
2025-12-25 03:35:54,971 INFO o.a.j.t.JMeterThread: Thread finished: 02. Concurrent Operations (15 threads) 2-44
2025-12-25 03:35:54,971 INFO o.a.j.t.JMeterThread: Thread finished: 02. Concurrent Operations (15 threads) 2-8
2025-12-25 03:35:54,967 INFO o.a.j.t.JMeterThread: Thread finished: 02. Concurrent Operations (15 threads) 2-45
2025-12-25 03:35:54,966 INFO o.a.j.t.JMeterThread: Thread finished: 02. Concurrent Operations (15 threads) 2-39
2025-12-25 03:35:54,965 INFO o.a.j.t.JMeterThread: Thread finished: 02. Concurrent Operations (15 threads) 2-41
2025-12-25 03:35:54,965 INFO o.a.j.t.JMeterThread: Thread finished: 02. Concurrent Operations (15 threads) 2-36
2025-12-25 03:35:54,965 INFO o.a.j.t.JMeterThread: Stopping because end time detected by thread: 02. Concurrent Operations (15 threads) 2-35
2025-12-25 03:35:54,964 INFO o.a.j.t.JMeterThread: Thread finished: 02. Concurrent Operations (15 threads) 2-7
2025-12-25 03:35:54,979 INFO o.a.j.t.JMeterThread: Thread finished: 02. Concurrent Operations (15 threads) 2-5
2025-12-25 03:35:54,979 INFO o.a.j.t.JMeterThread: Stopping because end time detected by thread: 02. Concurrent Operations (15 threads) 2-50
2025-12-25 03:35:54,978 INFO o.a.j.t.JMeterThread: Thread finished: 02. Concurrent Operations (15 threads) 2-48
2025-12-25 03:35:54,977 INFO o.a.j.t.JMeterThread: Thread finished: 02. Concurrent Operations (15 threads) 2-49
2025-12-25 03:35:54,977 INFO o.a.j.t.JMeterThread: Stopping because end time detected by thread: 02. Concurrent Operations (15 threads) 2-47
2025-12-25 03:35:54,977 INFO o.a.j.t.JMeterThread: Stopping because end time detected by thread: 02. Concurrent Operations (15 threads) 2-46
2025-12-25 03:35:54,984 INFO o.a.j.t.JMeterThread: Thread finished: 02. Concurrent Operations (15 threads) 2-47
2025-12-25 03:35:54,983 INFO o.a.j.t.JMeterThread: Thread finished: 02. Concurrent Operations (15 threads) 2-50
2025-12-25 03:35:54,982 INFO o.a.j.t.JMeterThread: Thread finished: 02. Concurrent Operations (15 threads) 2-35
2025-12-25 03:35:54,985 INFO o.a.j.t.JMeterThread: Thread finished: 02. Concurrent Operations (15 threads) 2-46
2025-12-25 03:35:54,986 INFO o.a.j.e.StandardJMeterEngine: Notifying test listeners of end of test
2025-12-25 03:35:54,991 INFO o.a.j.r.Summariser: summary +  67053 in 00:00:19 = 3528.5/s Avg:     4 Min:     0 Max:   872 Err:     0 (0.00%) Active: 0 Started: 51 Finished: 51
2025-12-25 03:35:54,992 INFO o.a.j.r.Summariser: summary =  67054 in 00:00:20 = 3333.7/s Avg:     4 Min:     0 Max:   872 Err:     0 (0.00%)
2025-12-25 03:35:54,993 INFO o.a.j.JMeter: Generating Dashboard
2025-12-25 03:35:54,994 INFO o.a.j.r.d.ReportGenerator: Flushing result collector before report Generation
2025-12-25 03:35:55,109 INFO o.a.j.r.p.NormalizerSampleConsumer: Using format, 'ms', to parse timeStamp field
2025-12-25 03:35:58,160 INFO o.a.j.r.p.AbstractSampleConsumer: class org.apache.jmeter.report.processor.AggregateConsumer#stopProducing(): beginDate produced 0 samples
2025-12-25 03:35:58,160 INFO o.a.j.r.p.AbstractSampleConsumer: class org.apache.jmeter.report.processor.AggregateConsumer#stopProducing(): endDate produced 0 samples
2025-12-25 03:35:58,189 INFO o.a.j.r.p.AbstractSampleConsumer: class org.apache.jmeter.report.processor.ApdexSummaryConsumer#stopProducing(): apdexSummary produced 0 samples
2025-12-25 03:35:58,190 INFO o.a.j.r.p.AbstractSampleConsumer: class org.apache.jmeter.report.processor.RequestsSummaryConsumer#stopProducing(): requestsSummary produced 0 samples
2025-12-25 03:35:58,214 INFO o.a.j.r.p.AbstractSampleConsumer: class org.apache.jmeter.report.processor.StatisticsSummaryConsumer#stopProducing(): statisticsSummary produced 0 samples
2025-12-25 03:35:58,220 INFO o.a.j.r.p.AbstractSampleConsumer: class org.apache.jmeter.report.processor.Top5ErrorsBySamplerConsumer#stopProducing(): top5ErrorsBySampler produced 0 samples
2025-12-25 03:35:58,221 INFO o.a.j.r.p.AbstractSampleConsumer: class org.apache.jmeter.report.processor.ErrorsSummaryConsumer#stopProducing(): errorsSummary produced 0 samples
2025-12-25 03:35:58,221 INFO o.a.j.r.p.AbstractSampleConsumer: class org.apache.jmeter.report.processor.graph.impl.HitsPerSecondGraphConsumer#stopProducing(): hitsPerSecond produced 0 samples
2025-12-25 03:35:59,438 INFO o.a.j.r.p.AbstractSampleConsumer: class org.apache.jmeter.report.processor.graph.impl.LatencyVSRequestGraphConsumer#stopProducing(): latencyVsRequest produced 0 samples
2025-12-25 03:35:59,443 INFO o.a.j.r.p.AbstractSampleConsumer: class org.apache.jmeter.report.processor.graph.impl.SyntheticResponseTimeDistributionGraphConsumer#stopProducing(): syntheticResponseTimeDistribution produced 0 samples
2025-12-25 03:35:59,445 INFO o.a.j.r.p.AbstractSampleConsumer: class org.apache.jmeter.report.processor.graph.impl.BytesThroughputGraphConsumer#stopProducing(): bytesThroughputOverTime produced 0 samples
2025-12-25 03:35:59,446 INFO o.a.j.r.p.AbstractSampleConsumer: class org.apache.jmeter.report.processor.graph.impl.CodesPerSecondGraphConsumer#stopProducing(): codesPerSecond produced 0 samples
2025-12-25 03:36:00,605 INFO o.a.j.r.p.AbstractSampleConsumer: class org.apache.jmeter.report.processor.graph.impl.ResponseTimeVSRequestGraphConsumer#stopProducing(): responseTimeVsRequest produced 0 samples
2025-12-25 03:36:00,608 INFO o.a.j.r.p.AbstractSampleConsumer: class org.apache.jmeter.report.processor.FilterConsumer#stopProducing(): startIntervalControlerFilter produced 469378 samples
2025-12-25 03:36:00,609 INFO o.a.j.r.p.AbstractSampleConsumer: class org.apache.jmeter.report.processor.graph.impl.TotalTPSGraphConsumer#stopProducing(): totalTPS produced 0 samples
2025-12-25 03:36:00,610 INFO o.a.j.r.p.AbstractSampleConsumer: class org.apache.jmeter.report.processor.graph.impl.ActiveThreadsGraphConsumer#stopProducing(): activeThreadsOverTime produced 0 samples
2025-12-25 03:36:00,610 INFO o.a.j.r.p.AbstractSampleConsumer: class org.apache.jmeter.report.processor.graph.impl.TimeVSThreadGraphConsumer#stopProducing(): timeVsThreads produced 0 samples
2025-12-25 03:36:00,611 INFO o.a.j.r.p.AbstractSampleConsumer: class org.apache.jmeter.report.processor.graph.impl.ResponseTimeDistributionGraphConsumer#stopProducing(): responseTimeDistribution produced 0 samples
2025-12-25 03:36:00,612 INFO o.a.j.r.p.AbstractSampleConsumer: class org.apache.jmeter.report.processor.graph.impl.TransactionsPerSecondGraphConsumer#stopProducing(): transactionsPerSecond produced 0 samples
2025-12-25 03:36:00,612 INFO o.a.j.r.p.AbstractSampleConsumer: class org.apache.jmeter.report.processor.graph.impl.ResponseTimePercentilesGraphConsumer#stopProducing(): responseTimePercentiles produced 0 samples
2025-12-25 03:36:00,615 INFO o.a.j.r.p.AbstractSampleConsumer: class org.apache.jmeter.report.processor.graph.impl.ResponseTimePercentilesOverTimeGraphConsumer#stopProducing(): responseTimePercentilesOverTime produced 0 samples
2025-12-25 03:36:00,617 INFO o.a.j.r.p.AbstractSampleConsumer: class org.apache.jmeter.report.processor.graph.impl.ResponseTimeOverTimeGraphConsumer#stopProducing(): responseTimesOverTime produced 0 samples
2025-12-25 03:36:00,618 INFO o.a.j.r.p.AbstractSampleConsumer: class org.apache.jmeter.report.processor.graph.impl.ConnectTimeOverTimeGraphConsumer#stopProducing(): connectTimeOverTime produced 0 samples
2025-12-25 03:36:00,618 INFO o.a.j.r.p.AbstractSampleConsumer: class org.apache.jmeter.report.processor.graph.impl.LatencyOverTimeGraphConsumer#stopProducing(): latenciesOverTime produced 0 samples
2025-12-25 03:36:00,619 INFO o.a.j.r.p.AbstractSampleConsumer: class org.apache.jmeter.report.processor.FilterConsumer#stopProducing(): nameFilter produced 1005810 samples
2025-12-25 03:36:00,619 INFO o.a.j.r.p.AbstractSampleConsumer: class org.apache.jmeter.report.processor.FilterConsumer#stopProducing(): dateRangeFilter produced 201162 samples
2025-12-25 03:36:00,620 INFO o.a.j.r.p.AbstractSampleConsumer: class org.apache.jmeter.report.processor.NormalizerSampleConsumer#stopProducing(): normalizer produced 67054 samples
2025-12-25 03:36:00,622 INFO o.a.j.r.p.CsvFileSampleSource: produce(): 67054 samples produced in 5s 463 ms on channel 0
2025-12-25 03:36:00,623 INFO o.a.j.r.d.ReportGenerator: Exporting data using exporter:'json' of className:'org.apache.jmeter.report.dashboard.JsonExporter'
2025-12-25 03:36:00,751 INFO o.a.j.r.d.JsonExporter: Found data for consumer statisticsSummary in context
2025-12-25 03:36:00,752 INFO o.a.j.r.d.JsonExporter: Creating statistics for overall
2025-12-25 03:36:00,753 INFO o.a.j.r.d.JsonExporter: Creating statistics for other transactions
2025-12-25 03:36:00,754 INFO o.a.j.r.d.JsonExporter: Checking output folder
2025-12-25 03:36:00,757 INFO o.a.j.r.d.JsonExporter: Writing statistics JSON to /mnt/c/Users/user/Desktop/DemoProjects/Testovoe/report/statistics.json
2025-12-25 03:36:00,835 INFO o.a.j.r.d.ReportGenerator: Exporting data using exporter:'html' of className:'org.apache.jmeter.report.dashboard.HtmlTemplateExporter'
2025-12-25 03:36:00,849 INFO o.a.j.r.d.HtmlTemplateExporter: Will generate dashboard in folder: /mnt/c/Users/user/Desktop/DemoProjects/Testovoe/report
2025-12-25 03:36:01,074 INFO o.a.j.r.d.HtmlTemplateExporter: Report will be generated in: /mnt/c/Users/user/Desktop/DemoProjects/Testovoe/report, creating folder structure
2025-12-25 03:36:01,095 INFO o.a.j.r.d.TemplateVisitor: Copying folder from '/opt/jmeter/bin/report-template' to '/mnt/c/Users/user/Desktop/DemoProjects/Testovoe/report', got message: /mnt/c/Users/user/Desktop/DemoProjects/Testovoe/report, found non empty folder with following content [/mnt/c/Users/user/Desktop/DemoProjects/Testovoe/report/statistics.json], will be ignored
2025-12-25 03:36:02,939 INFO o.a.j.JMeter: Dashboard generated
